<?xml version="1.0" encoding="UTF-8"?>
<!-- Generated by org.testng.reporters.JUnitReportReporter -->
<testsuite skipped="8" hostname="D69659" name="incluir_requisicao_pagamento.Teste_inclui_requisicao_pagamento" tests="9" failures="0" timestamp="19 Oct 2017 14:25:59 GMT" time="31.237" errors="0">
  <testcase name="UC002_CT002_PD002_1" time="31.237" classname="incluir_requisicao_pagamento.Teste_inclui_requisicao_pagamento"/>
  <testcase name="UC002_CT002_PD002_7" classname="incluir_requisicao_pagamento.Teste_inclui_requisicao_pagamento">
    <skipped/>
  </testcase> <!-- UC002_CT002_PD002_7 -->
  <testcase name="UC002_CT002_PD002_2" classname="incluir_requisicao_pagamento.Teste_inclui_requisicao_pagamento">
    <skipped/>
  </testcase> <!-- UC002_CT002_PD002_2 -->
  <testcase name="UC002_CT002_PD002_5" classname="incluir_requisicao_pagamento.Teste_inclui_requisicao_pagamento">
    <skipped/>
  </testcase> <!-- UC002_CT002_PD002_5 -->
  <testcase name="UC002_CT002_PD002_4" classname="incluir_requisicao_pagamento.Teste_inclui_requisicao_pagamento">
    <skipped/>
  </testcase> <!-- UC002_CT002_PD002_4 -->
  <testcase name="UC002_CT002_PD002_6" classname="incluir_requisicao_pagamento.Teste_inclui_requisicao_pagamento">
    <skipped/>
  </testcase> <!-- UC002_CT002_PD002_6 -->
  <testcase name="UC002_CT002_PD002_9" classname="incluir_requisicao_pagamento.Teste_inclui_requisicao_pagamento">
    <skipped/>
  </testcase> <!-- UC002_CT002_PD002_9 -->
  <testcase name="UC002_CT002_PD002_8" classname="incluir_requisicao_pagamento.Teste_inclui_requisicao_pagamento">
    <skipped/>
  </testcase> <!-- UC002_CT002_PD002_8 -->
  <testcase name="UC002_CT002_PD002_3" classname="incluir_requisicao_pagamento.Teste_inclui_requisicao_pagamento">
    <skipped/>
  </testcase> <!-- UC002_CT002_PD002_3 -->
</testsuite> <!-- incluir_requisicao_pagamento.Teste_inclui_requisicao_pagamento -->
