<?xml version="1.0" encoding="UTF-8"?>
<!-- Generated by org.testng.reporters.JUnitReportReporter -->
<testsuite skipped="0" hostname="D69659" name="consultar_requisicao_pagamento.Teste_Consulta" tests="3" failures="0" timestamp="18 Dec 2017 12:34:35 GMT" time="66.253" errors="0">
  <testcase name="UC002_CT001_PD001_3" time="22.164" classname="consultar_requisicao_pagamento.Teste_Consulta"/>
  <testcase name="UC002_CT002_PD001_2" time="21.027" classname="consultar_requisicao_pagamento.Teste_Consulta"/>
  <testcase name="UC002_CT001_PD001_1" time="23.062" classname="consultar_requisicao_pagamento.Teste_Consulta"/>
</testsuite> <!-- consultar_requisicao_pagamento.Teste_Consulta -->
