<?xml version="1.0" encoding="UTF-8"?>
<!-- Generated by org.testng.reporters.JUnitReportReporter -->
<testsuite skipped="0" hostname="D69659" name="alterar_requisicao_pagamento_terceiro_interessado.Teste_Altera_Terceiros_Interessados" tests="2" failures="0" timestamp="18 Dec 2017 12:34:35 GMT" time="49.004" errors="0">
  <testcase name="UC002_CT010_PD010_1" time="22.809" classname="alterar_requisicao_pagamento_terceiro_interessado.Teste_Altera_Terceiros_Interessados"/>
  <testcase name="UC002_CT0010_PD010_2" time="26.195" classname="alterar_requisicao_pagamento_terceiro_interessado.Teste_Altera_Terceiros_Interessados"/>
</testsuite> <!-- alterar_requisicao_pagamento_terceiro_interessado.Teste_Altera_Terceiros_Interessados -->
