<?xml version="1.0" encoding="UTF-8"?>
<!-- Generated by org.testng.reporters.JUnitReportReporter -->
<testsuite skipped="0" hostname="D69659" name="incluir_requisicao_pagamento.Teste_inclui_requisicao_pagamento" tests="10" failures="0" timestamp="18 Dec 2017 12:34:35 GMT" time="330.429" errors="0">
  <testcase name="UC002_CT002_PD002_3" time="32.322" classname="incluir_requisicao_pagamento.Teste_inclui_requisicao_pagamento"/>
  <testcase name="UC002_CT002_PD002_10" time="32.961" classname="incluir_requisicao_pagamento.Teste_inclui_requisicao_pagamento"/>
  <testcase name="UC002_CT002_PD002_5" time="36.934" classname="incluir_requisicao_pagamento.Teste_inclui_requisicao_pagamento"/>
  <testcase name="UC002_CT002_PD002_6" time="40.408" classname="incluir_requisicao_pagamento.Teste_inclui_requisicao_pagamento"/>
  <testcase name="UC002_CT002_PD002_7" time="36.278" classname="incluir_requisicao_pagamento.Teste_inclui_requisicao_pagamento"/>
  <testcase name="UC002_CT002_PD002_9" time="20.145" classname="incluir_requisicao_pagamento.Teste_inclui_requisicao_pagamento"/>
  <testcase name="UC002_CT002_PD002_8" time="36.356" classname="incluir_requisicao_pagamento.Teste_inclui_requisicao_pagamento"/>
  <testcase name="UC002_CT002_PD002_1" time="32.894" classname="incluir_requisicao_pagamento.Teste_inclui_requisicao_pagamento"/>
  <testcase name="UC002_CT002_PD002_4" time="40.427" classname="incluir_requisicao_pagamento.Teste_inclui_requisicao_pagamento"/>
  <testcase name="UC002_CT002_PD002_2" time="21.704" classname="incluir_requisicao_pagamento.Teste_inclui_requisicao_pagamento"/>
</testsuite> <!-- incluir_requisicao_pagamento.Teste_inclui_requisicao_pagamento -->
