<?xml version="1.0" encoding="UTF-8"?>
<!-- Generated by org.testng.reporters.JUnitReportReporter -->
<testsuite skipped="0" hostname="D69659" name="alterar_requisicao_pagamento_dados_processo.Teste_Altera_Dados_Processo" tests="9" failures="0" timestamp="18 Dec 2017 12:34:35 GMT" time="268.239" errors="0">
  <testcase name="UC002_CT003_PD003_3" time="37.019" classname="alterar_requisicao_pagamento_dados_processo.Teste_Altera_Dados_Processo"/>
  <testcase name="UC002_CT003_PD003_1" time="36.836" classname="alterar_requisicao_pagamento_dados_processo.Teste_Altera_Dados_Processo"/>
  <testcase name="UC002_CT003_PD003_4" time="31.343" classname="alterar_requisicao_pagamento_dados_processo.Teste_Altera_Dados_Processo"/>
  <testcase name="UC002_CT003_PD003_5" time="26.835" classname="alterar_requisicao_pagamento_dados_processo.Teste_Altera_Dados_Processo"/>
  <testcase name="UC002_CT003_PD003_2" time="24.234" classname="alterar_requisicao_pagamento_dados_processo.Teste_Altera_Dados_Processo"/>
  <testcase name="UC002_CT003_PD003_6" time="31.154" classname="alterar_requisicao_pagamento_dados_processo.Teste_Altera_Dados_Processo"/>
  <testcase name="UC002_CT003_PD003_9" time="22.715" classname="alterar_requisicao_pagamento_dados_processo.Teste_Altera_Dados_Processo"/>
  <testcase name="UC002_CT003_PD003_8" time="27.073" classname="alterar_requisicao_pagamento_dados_processo.Teste_Altera_Dados_Processo"/>
  <testcase name="UC002_CT003_PD003_7" time="31.030" classname="alterar_requisicao_pagamento_dados_processo.Teste_Altera_Dados_Processo"/>
</testsuite> <!-- alterar_requisicao_pagamento_dados_processo.Teste_Altera_Dados_Processo -->
