<?xml version="1.0" encoding="UTF-8"?>
<!-- Generated by org.testng.reporters.JUnitReportReporter -->
<testsuite skipped="1" hostname="D69659" name="incluir_requisicao_pagamento_beneficiario.Teste_Inclui_Beneficiario" tests="9" failures="0" timestamp="18 Dec 2017 12:34:35 GMT" time="213.958" errors="0">
  <testcase name="UC002_CT007_PD002_4" time="21.768" classname="incluir_requisicao_pagamento_beneficiario.Teste_Inclui_Beneficiario"/>
  <testcase name="UC002_CT007_PD002_3" time="24.474" classname="incluir_requisicao_pagamento_beneficiario.Teste_Inclui_Beneficiario"/>
  <testcase name="UC002_CT007_PD002_6" time="22.115" classname="incluir_requisicao_pagamento_beneficiario.Teste_Inclui_Beneficiario"/>
  <testcase name="UC002_CT007_PD002_8" time="35.087" classname="incluir_requisicao_pagamento_beneficiario.Teste_Inclui_Beneficiario"/>
  <testcase name="UC002_CT007_PD002_2" time="24.212" classname="incluir_requisicao_pagamento_beneficiario.Teste_Inclui_Beneficiario"/>
  <testcase name="UC002_CT007_PD002_1" time="34.984" classname="incluir_requisicao_pagamento_beneficiario.Teste_Inclui_Beneficiario"/>
  <testcase name="UC002_CT007_PD002_7" time="26.911" classname="incluir_requisicao_pagamento_beneficiario.Teste_Inclui_Beneficiario"/>
  <testcase name="UC002_CT007_PD002_5" time="24.407" classname="incluir_requisicao_pagamento_beneficiario.Teste_Inclui_Beneficiario"/>
  <testcase name="incluir_Advogado" classname="incluir_requisicao_pagamento_beneficiario.Teste_Inclui_Beneficiario">
    <skipped/>
  </testcase> <!-- incluir_Advogado -->
</testsuite> <!-- incluir_requisicao_pagamento_beneficiario.Teste_Inclui_Beneficiario -->
