<?xml version="1.0" encoding="UTF-8"?>
<!-- Generated by org.testng.reporters.JUnitReportReporter -->
<testsuite skipped="5" hostname="D69659" name="excluir_requisicao_pagamento.Teste_Exclui" tests="6" failures="0" timestamp="19 Oct 2017 14:25:59 GMT" time="20.370" errors="0">
  <testcase name="UC002_CT004_PD004_1" time="20.370" classname="excluir_requisicao_pagamento.Teste_Exclui"/>
  <testcase name="UC002_CT004_PD004_6" classname="excluir_requisicao_pagamento.Teste_Exclui">
    <skipped/>
  </testcase> <!-- UC002_CT004_PD004_6 -->
  <testcase name="UC002_CT004_PD004_4" classname="excluir_requisicao_pagamento.Teste_Exclui">
    <skipped/>
  </testcase> <!-- UC002_CT004_PD004_4 -->
  <testcase name="UC002_CT004_PD004_3" classname="excluir_requisicao_pagamento.Teste_Exclui">
    <skipped/>
  </testcase> <!-- UC002_CT004_PD004_3 -->
  <testcase name="UC002_CT004_PD004_2" classname="excluir_requisicao_pagamento.Teste_Exclui">
    <skipped/>
  </testcase> <!-- UC002_CT004_PD004_2 -->
  <testcase name="UC002_CT004_PD004_5" classname="excluir_requisicao_pagamento.Teste_Exclui">
    <skipped/>
  </testcase> <!-- UC002_CT004_PD004_5 -->
</testsuite> <!-- excluir_requisicao_pagamento.Teste_Exclui -->
