<?xml version="1.0" encoding="UTF-8"?>
<!-- Generated by org.testng.reporters.JUnitReportReporter -->
<testsuite skipped="0" hostname="D69659" name="alterar_requisicao_pagamento_beneficiario.Teste_Altera_Beneficiario" tests="3" failures="0" timestamp="18 Dec 2017 12:34:35 GMT" time="76.953" errors="0">
  <testcase name="UC002_CT008_PD002_3" time="25.460" classname="alterar_requisicao_pagamento_beneficiario.Teste_Altera_Beneficiario"/>
  <testcase name="UC002_CT008_PD002_2" time="25.835" classname="alterar_requisicao_pagamento_beneficiario.Teste_Altera_Beneficiario"/>
  <testcase name="UC002_CT008_PD002_1" time="25.658" classname="alterar_requisicao_pagamento_beneficiario.Teste_Altera_Beneficiario"/>
</testsuite> <!-- alterar_requisicao_pagamento_beneficiario.Teste_Altera_Beneficiario -->
