<?xml version="1.0" encoding="UTF-8"?>
<!-- Generated by org.testng.reporters.JUnitReportReporter -->
<testsuite skipped="6" hostname="D69659" name="incluir_requisicao_pagamento_beneficiario.Teste_Inclui_Beneficiario" tests="7" failures="0" timestamp="19 Oct 2017 14:25:59 GMT" time="34.138" errors="0">
  <testcase name="UC002_CT007_PD002_1" time="34.138" classname="incluir_requisicao_pagamento_beneficiario.Teste_Inclui_Beneficiario"/>
  <testcase name="UC002_CT007_PD002_6" classname="incluir_requisicao_pagamento_beneficiario.Teste_Inclui_Beneficiario">
    <skipped/>
  </testcase> <!-- UC002_CT007_PD002_6 -->
  <testcase name="UC002_CT007_PD002_4" classname="incluir_requisicao_pagamento_beneficiario.Teste_Inclui_Beneficiario">
    <skipped/>
  </testcase> <!-- UC002_CT007_PD002_4 -->
  <testcase name="incluir_Advogado" classname="incluir_requisicao_pagamento_beneficiario.Teste_Inclui_Beneficiario">
    <skipped/>
  </testcase> <!-- incluir_Advogado -->
  <testcase name="UC002_CT007_PD002_5" classname="incluir_requisicao_pagamento_beneficiario.Teste_Inclui_Beneficiario">
    <skipped/>
  </testcase> <!-- UC002_CT007_PD002_5 -->
  <testcase name="UC002_CT007_PD002_2" classname="incluir_requisicao_pagamento_beneficiario.Teste_Inclui_Beneficiario">
    <skipped/>
  </testcase> <!-- UC002_CT007_PD002_2 -->
  <testcase name="UC002_CT007_PD002_3" classname="incluir_requisicao_pagamento_beneficiario.Teste_Inclui_Beneficiario">
    <skipped/>
  </testcase> <!-- UC002_CT007_PD002_3 -->
</testsuite> <!-- incluir_requisicao_pagamento_beneficiario.Teste_Inclui_Beneficiario -->
