<?xml version="1.0" encoding="UTF-8"?>
<!-- Generated by org.testng.reporters.JUnitReportReporter -->
<testsuite skipped="0" hostname="D69659" name="excluir_requisicao_pagamento.Teste_Exclui" tests="6" failures="0" timestamp="18 Dec 2017 12:34:35 GMT" time="127.812" errors="0">
  <testcase name="UC002_CT004_PD004_3" time="21.846" classname="excluir_requisicao_pagamento.Teste_Exclui"/>
  <testcase name="UC002_CT004_PD004_4" time="19.756" classname="excluir_requisicao_pagamento.Teste_Exclui"/>
  <testcase name="UC002_CT004_PD004_1" time="21.558" classname="excluir_requisicao_pagamento.Teste_Exclui"/>
  <testcase name="UC002_CT004_PD004_6" time="21.601" classname="excluir_requisicao_pagamento.Teste_Exclui"/>
  <testcase name="UC002_CT004_PD004_5" time="21.680" classname="excluir_requisicao_pagamento.Teste_Exclui"/>
  <testcase name="UC002_CT004_PD004_2" time="21.371" classname="excluir_requisicao_pagamento.Teste_Exclui"/>
</testsuite> <!-- excluir_requisicao_pagamento.Teste_Exclui -->
