<?xml version="1.0" encoding="UTF-8"?>
<!-- Generated by org.testng.reporters.JUnitReportReporter -->
<testsuite skipped="7" hostname="D69659" name="incluir_requisicao_pagamento_terceiro_interessado.Teste_Inclui_Terceiros_Interessados" tests="8" failures="0" timestamp="19 Oct 2017 14:25:59 GMT" time="24.038" errors="0">
  <testcase name="UC002_CT009_PD009_1" time="24.038" classname="incluir_requisicao_pagamento_terceiro_interessado.Teste_Inclui_Terceiros_Interessados"/>
  <testcase name="UC002_CT009_PD009_5" classname="incluir_requisicao_pagamento_terceiro_interessado.Teste_Inclui_Terceiros_Interessados">
    <skipped/>
  </testcase> <!-- UC002_CT009_PD009_5 -->
  <testcase name="UC002_CT009_PD009_2" classname="incluir_requisicao_pagamento_terceiro_interessado.Teste_Inclui_Terceiros_Interessados">
    <skipped/>
  </testcase> <!-- UC002_CT009_PD009_2 -->
  <testcase name="UC002_CT009_PD009_7" classname="incluir_requisicao_pagamento_terceiro_interessado.Teste_Inclui_Terceiros_Interessados">
    <skipped/>
  </testcase> <!-- UC002_CT009_PD009_7 -->
  <testcase name="UC002_CT009_PD009_4" classname="incluir_requisicao_pagamento_terceiro_interessado.Teste_Inclui_Terceiros_Interessados">
    <skipped/>
  </testcase> <!-- UC002_CT009_PD009_4 -->
  <testcase name="UC002_CT009_PD009_6" classname="incluir_requisicao_pagamento_terceiro_interessado.Teste_Inclui_Terceiros_Interessados">
    <skipped/>
  </testcase> <!-- UC002_CT009_PD009_6 -->
  <testcase name="UC002_CT009_PD009_8" classname="incluir_requisicao_pagamento_terceiro_interessado.Teste_Inclui_Terceiros_Interessados">
    <skipped/>
  </testcase> <!-- UC002_CT009_PD009_8 -->
  <testcase name="UC002_CT009_PD009_3" classname="incluir_requisicao_pagamento_terceiro_interessado.Teste_Inclui_Terceiros_Interessados">
    <skipped/>
  </testcase> <!-- UC002_CT009_PD009_3 -->
</testsuite> <!-- incluir_requisicao_pagamento_terceiro_interessado.Teste_Inclui_Terceiros_Interessados -->
