<?xml version="1.0" encoding="UTF-8"?>
<!-- Generated by org.testng.reporters.JUnitReportReporter -->
<testsuite skipped="8" hostname="D69659" name="alterar_requisicao_pagamento_dados_processo.Teste_Altera_Dados_Processo" tests="9" failures="0" timestamp="19 Oct 2017 14:25:59 GMT" time="35.932" errors="0">
  <testcase name="UC002_CT003_PD003_1" time="35.932" classname="alterar_requisicao_pagamento_dados_processo.Teste_Altera_Dados_Processo"/>
  <testcase name="UC002_CT003_PD003_3" classname="alterar_requisicao_pagamento_dados_processo.Teste_Altera_Dados_Processo">
    <skipped/>
  </testcase> <!-- UC002_CT003_PD003_3 -->
  <testcase name="UC002_CT003_PD003_4" classname="alterar_requisicao_pagamento_dados_processo.Teste_Altera_Dados_Processo">
    <skipped/>
  </testcase> <!-- UC002_CT003_PD003_4 -->
  <testcase name="UC002_CT003_PD003_7" classname="alterar_requisicao_pagamento_dados_processo.Teste_Altera_Dados_Processo">
    <skipped/>
  </testcase> <!-- UC002_CT003_PD003_7 -->
  <testcase name="UC002_CT003_PD003_2" classname="alterar_requisicao_pagamento_dados_processo.Teste_Altera_Dados_Processo">
    <skipped/>
  </testcase> <!-- UC002_CT003_PD003_2 -->
  <testcase name="UC002_CT003_PD003_5" classname="alterar_requisicao_pagamento_dados_processo.Teste_Altera_Dados_Processo">
    <skipped/>
  </testcase> <!-- UC002_CT003_PD003_5 -->
  <testcase name="UC002_CT003_PD003_8" classname="alterar_requisicao_pagamento_dados_processo.Teste_Altera_Dados_Processo">
    <skipped/>
  </testcase> <!-- UC002_CT003_PD003_8 -->
  <testcase name="UC002_CT003_PD003_6" classname="alterar_requisicao_pagamento_dados_processo.Teste_Altera_Dados_Processo">
    <skipped/>
  </testcase> <!-- UC002_CT003_PD003_6 -->
  <testcase name="UC002_CT003_PD003_9" classname="alterar_requisicao_pagamento_dados_processo.Teste_Altera_Dados_Processo">
    <skipped/>
  </testcase> <!-- UC002_CT003_PD003_9 -->
</testsuite> <!-- alterar_requisicao_pagamento_dados_processo.Teste_Altera_Dados_Processo -->
