<?xml version="1.0" encoding="UTF-8"?>
<!-- Generated by org.testng.reporters.JUnitReportReporter -->
<testsuite skipped="3" hostname="D69659" name="alterar_requisicao_pagamento_beneficiario.Teste_Altera_Beneficiario" tests="4" failures="0" timestamp="19 Oct 2017 14:25:59 GMT" time="24.241" errors="0">
  <testcase name="UC002_CT008_PD002_1" time="24.241" classname="alterar_requisicao_pagamento_beneficiario.Teste_Altera_Beneficiario"/>
  <testcase name="UC002_CT008_PD002_2" classname="alterar_requisicao_pagamento_beneficiario.Teste_Altera_Beneficiario">
    <skipped/>
  </testcase> <!-- UC002_CT008_PD002_2 -->
  <testcase name="UC002_CT008_PD002_3" classname="alterar_requisicao_pagamento_beneficiario.Teste_Altera_Beneficiario">
    <skipped/>
  </testcase> <!-- UC002_CT008_PD002_3 -->
  <testcase name="UC002_CT008_PD002_4" classname="alterar_requisicao_pagamento_beneficiario.Teste_Altera_Beneficiario">
    <skipped/>
  </testcase> <!-- UC002_CT008_PD002_4 -->
</testsuite> <!-- alterar_requisicao_pagamento_beneficiario.Teste_Altera_Beneficiario -->
