<?xml version="1.0" encoding="UTF-8"?>
<!-- Generated by org.testng.reporters.JUnitReportReporter -->
<testsuite skipped="0" hostname="D69659" name="visualizar_detalhes_historicos_requisicao_pagamento.Teste_Visualiza_Detalhes" tests="1" failures="0" timestamp="18 Dec 2017 12:34:35 GMT" time="22.681" errors="0">
  <testcase name="UC002_CT006_PD006_1" time="22.681" classname="visualizar_detalhes_historicos_requisicao_pagamento.Teste_Visualiza_Detalhes"/>
</testsuite> <!-- visualizar_detalhes_historicos_requisicao_pagamento.Teste_Visualiza_Detalhes -->
