<?xml version="1.0" encoding="UTF-8"?>
<!-- Generated by org.testng.reporters.JUnitReportReporter -->
<testsuite skipped="0" hostname="D69659" name="visualizar_Informacoes_resumidas_requisicao_pagamento.Teste_Visualiza" tests="3" failures="0" timestamp="18 Dec 2017 12:34:35 GMT" time="64.144" errors="0">
  <testcase name="UC002_CT005_PD001_2" time="21.263" classname="visualizar_Informacoes_resumidas_requisicao_pagamento.Teste_Visualiza"/>
  <testcase name="UC002_CT005_PD001_1" time="21.442" classname="visualizar_Informacoes_resumidas_requisicao_pagamento.Teste_Visualiza"/>
  <testcase name="UC002_CT005_PD001_3" time="21.439" classname="visualizar_Informacoes_resumidas_requisicao_pagamento.Teste_Visualiza"/>
</testsuite> <!-- visualizar_Informacoes_resumidas_requisicao_pagamento.Teste_Visualiza -->
