<?xml version="1.0" encoding="UTF-8"?>
<!-- Generated by org.testng.reporters.JUnitReportReporter -->
<testsuite skipped="0" hostname="D69659" name="incluir_requisicao_pagamento_terceiro_interessado.Teste_Inclui_Terceiros_Interessados" tests="9" failures="0" timestamp="18 Dec 2017 12:34:35 GMT" time="227.548" errors="0">
  <testcase name="UC002_CT009_PD009_8" time="24.431" classname="incluir_requisicao_pagamento_terceiro_interessado.Teste_Inclui_Terceiros_Interessados"/>
  <testcase name="UC002_CT009_PD009_3" time="25.290" classname="incluir_requisicao_pagamento_terceiro_interessado.Teste_Inclui_Terceiros_Interessados"/>
  <testcase name="UC002_CT009_PD009_9" time="25.821" classname="incluir_requisicao_pagamento_terceiro_interessado.Teste_Inclui_Terceiros_Interessados"/>
  <testcase name="UC002_CT009_PD009_7" time="25.074" classname="incluir_requisicao_pagamento_terceiro_interessado.Teste_Inclui_Terceiros_Interessados"/>
  <testcase name="UC002_CT009_PD009_4" time="24.345" classname="incluir_requisicao_pagamento_terceiro_interessado.Teste_Inclui_Terceiros_Interessados"/>
  <testcase name="UC002_CT009_PD009_2" time="26.144" classname="incluir_requisicao_pagamento_terceiro_interessado.Teste_Inclui_Terceiros_Interessados"/>
  <testcase name="UC002_CT009_PD009_5" time="24.720" classname="incluir_requisicao_pagamento_terceiro_interessado.Teste_Inclui_Terceiros_Interessados"/>
  <testcase name="UC002_CT009_PD009_6" time="25.051" classname="incluir_requisicao_pagamento_terceiro_interessado.Teste_Inclui_Terceiros_Interessados"/>
  <testcase name="UC002_CT009_PD009_1" time="26.672" classname="incluir_requisicao_pagamento_terceiro_interessado.Teste_Inclui_Terceiros_Interessados"/>
</testsuite> <!-- incluir_requisicao_pagamento_terceiro_interessado.Teste_Inclui_Terceiros_Interessados -->
