<?xml version="1.0" encoding="UTF-8"?>
<!-- Generated by org.testng.reporters.JUnitReportReporter -->
<testsuite skipped="2" hostname="D69659" name="consultar_requisicao_pagamento.Teste_Consulta" tests="3" failures="0" timestamp="19 Oct 2017 14:25:59 GMT" time="19.513" errors="0">
  <testcase name="UC002_CT001_PD001_1" time="19.513" classname="consultar_requisicao_pagamento.Teste_Consulta"/>
  <testcase name="UC002_CT001_PD001_3" classname="consultar_requisicao_pagamento.Teste_Consulta">
    <skipped/>
  </testcase> <!-- UC002_CT001_PD001_3 -->
  <testcase name="UC002_CT002_PD001_2" classname="consultar_requisicao_pagamento.Teste_Consulta">
    <skipped/>
  </testcase> <!-- UC002_CT002_PD001_2 -->
</testsuite> <!-- consultar_requisicao_pagamento.Teste_Consulta -->
