<?xml version="1.0" encoding="UTF-8"?>
<!-- Generated by org.testng.reporters.JUnitReportReporter -->
<testsuite skipped="2" hostname="D69659" name="visualizar_Informacoes_resumidas_requisicao_pagamento.Teste_Visualiza" tests="3" failures="0" timestamp="19 Oct 2017 14:25:59 GMT" time="19.234" errors="0">
  <testcase name="UC002_CT005_PD001_1" time="19.234" classname="visualizar_Informacoes_resumidas_requisicao_pagamento.Teste_Visualiza"/>
  <testcase name="UC002_CT005_PD001_2" classname="visualizar_Informacoes_resumidas_requisicao_pagamento.Teste_Visualiza">
    <skipped/>
  </testcase> <!-- UC002_CT005_PD001_2 -->
  <testcase name="UC002_CT005_PD001_3" classname="visualizar_Informacoes_resumidas_requisicao_pagamento.Teste_Visualiza">
    <skipped/>
  </testcase> <!-- UC002_CT005_PD001_3 -->
</testsuite> <!-- visualizar_Informacoes_resumidas_requisicao_pagamento.Teste_Visualiza -->
