<?xml version="1.0" encoding="UTF-8"?>
<!-- Generated by org.testng.reporters.JUnitReportReporter -->
<testsuite skipped="1" hostname="D69659" name="alterar_requisicao_pagamento_terceiro_interessado.Teste_Altera_Terceiros_Interessados" tests="2" failures="0" timestamp="19 Oct 2017 14:25:59 GMT" time="21.291" errors="0">
  <testcase name="UC002_CT010_PD010_1" time="21.291" classname="alterar_requisicao_pagamento_terceiro_interessado.Teste_Altera_Terceiros_Interessados"/>
  <testcase name="UC002_CT0010_PD0010_2" classname="alterar_requisicao_pagamento_terceiro_interessado.Teste_Altera_Terceiros_Interessados">
    <skipped/>
  </testcase> <!-- UC002_CT0010_PD0010_2 -->
</testsuite> <!-- alterar_requisicao_pagamento_terceiro_interessado.Teste_Altera_Terceiros_Interessados -->
